<?xml version="1.0" encoding="UTF-8"?>
<!-- Generated by org.testng.reporters.JUnitXMLReporter -->
<testsuite ignored="0" hostname="MDALLAL" failures="0" tests="5" name="Default test" time="6.234" errors="0" timestamp="2025-05-16T22:44:29 GMT+03:00">
  <testcase classname="SQL_first.SQL_first.AppTest" name="Insert_to_DataBase" time="0.054"/>
  <testcase classname="SQL_first.SQL_first.AppTest" name="Update_DataBase" time="0.009"/>
  <testcase classname="SQL_first.SQL_first.AppTest" name="Read_DataBase" time="0.55"/>
  <testcase classname="SQL_first.SQL_first.AppTest" name="Delete_from_DataBase" time="0.03"/>
  <testcase classname="SQL_first.SQL_first.AppTest" name="confirm_delete" time="0.01"/>
</testsuite> <!-- Default test -->
